third-module/zxing/build/intermediates/manifest_merge_blame_file/debug/manifest-merger-blame-debug-report.txt
1<?xml version="1.0" encoding="utf-8"?>
2<!--
3 Copyright (C) 2008 ZXing authors
4
5 Licensed under the Apache License, Version 2.0 (the "License");
6 you may not use this file except in compliance with the License.
7 You may obtain a copy of the License at
8
9      http://www.apache.org/licenses/LICENSE-2.0
10
11 Unless required by applicable law or agreed to in writing, software
12 distributed under the License is distributed on an "AS IS" BASIS,
13 WITHOUT WARRANTIES OR CONDITIONS OF ANY KIND, either express or implied.
14 See the License for the specific language governing permissions and
15 limitations under the License.
16-->
17<manifest xmlns:android="http://schemas.android.com/apk/res/android"
18    package="com.google.zxing.client.android"
19    android:versionName=".debug" >
20
21    <uses-sdk android:minSdkVersion="14" />
21-->third-module\zxing\AndroidManifest.xml
22
23    <uses-permission android:name="android.permission.CAMERA" />
23-->third-module\zxing\AndroidManifest.xml:19:3-62
23-->third-module\zxing\AndroidManifest.xml:19:20-60
24
25    <!-- Don't require camera, as this requires a rear camera. This allows it to work on the Nexus 7 -->
26    <uses-feature
26-->third-module\zxing\AndroidManifest.xml:22:3-82
27        android:name="android.hardware.camera"
27-->third-module\zxing\AndroidManifest.xml:22:17-55
28        android:required="false" />
28-->third-module\zxing\AndroidManifest.xml:22:56-80
29    <uses-feature
29-->third-module\zxing\AndroidManifest.xml:23:3-88
30        android:name="android.hardware.camera.front"
30-->third-module\zxing\AndroidManifest.xml:23:17-61
31        android:required="false" />
31-->third-module\zxing\AndroidManifest.xml:23:62-86
32    <!-- TODO replace above two with next line after Android 4.2 -->
33    <!-- <uses-feature android:name="android.hardware.camera.any"/> -->
34    <uses-feature
34-->third-module\zxing\AndroidManifest.xml:26:3-92
35        android:name="android.hardware.camera.autofocus"
35-->third-module\zxing\AndroidManifest.xml:26:17-65
36        android:required="false" />
36-->third-module\zxing\AndroidManifest.xml:26:66-90
37    <uses-feature
37-->third-module\zxing\AndroidManifest.xml:27:3-88
38        android:name="android.hardware.camera.flash"
38-->third-module\zxing\AndroidManifest.xml:27:17-61
39        android:required="false" />
39-->third-module\zxing\AndroidManifest.xml:27:62-86
40    <uses-feature
40-->third-module\zxing\AndroidManifest.xml:28:3-93
41        android:name="android.hardware.screen.landscape"
41-->third-module\zxing\AndroidManifest.xml:28:17-65
42        android:required="false" />
42-->third-module\zxing\AndroidManifest.xml:28:66-90
43    <uses-feature
43-->third-module\zxing\AndroidManifest.xml:29:3-80
44        android:name="android.hardware.wifi"
44-->third-module\zxing\AndroidManifest.xml:29:17-53
45        android:required="false" />
45-->third-module\zxing\AndroidManifest.xml:29:54-78
46
47    <application>
47-->third-module\zxing\AndroidManifest.xml:32:3-39:17
48        <activity
48-->third-module\zxing\AndroidManifest.xml:33:7-38:66
49            android:name="com.journeyapps.barcodescanner.CaptureActivity"
49-->third-module\zxing\AndroidManifest.xml:33:17-78
50            android:clearTaskOnLaunch="true"
50-->third-module\zxing\AndroidManifest.xml:34:17-49
51            android:screenOrientation="sensorLandscape"
51-->third-module\zxing\AndroidManifest.xml:35:17-60
52            android:stateNotNeeded="true"
52-->third-module\zxing\AndroidManifest.xml:36:17-46
53            android:theme="@style/zxing_CaptureTheme"
53-->third-module\zxing\AndroidManifest.xml:37:17-58
54            android:windowSoftInputMode="stateAlwaysHidden" />
54-->third-module\zxing\AndroidManifest.xml:38:17-64
55    </application>
56
57</manifest>